{"contracts/MultiSigFactory.sol":{"l":{"27":2,"31":2,"39":2,"47":6,"49":6,"55":6,"56":6,"58":6,"65":6,"69":6,"81":6,"82":6},"path":"/Users/shafayeatkabir/dev/multisig-sumit/packages/hardhat/contracts/MultiSigFactory.sol","s":{"1":2,"2":2,"3":6,"4":6,"5":6,"6":6,"7":6,"8":6,"9":6,"10":6,"11":6},"b":{"1":[2,0]},"f":{"1":18,"2":2,"3":2,"4":6,"5":6,"6":6},"fnMap":{"1":{"name":"constructor","line":24,"loc":{"start":{"line":24,"column":4},"end":{"line":24,"column":19}}},"2":{"name":"onlyRegistered","line":26,"loc":{"start":{"line":26,"column":4},"end":{"line":32,"column":4}}},"3":{"name":"emitOwners","line":38,"loc":{"start":{"line":34,"column":4},"end":{"line":40,"column":4}}},"4":{"name":"create","line":42,"loc":{"start":{"line":42,"column":4},"end":{"line":66,"column":4}}},"5":{"name":"numberOfMultiSigs","line":68,"loc":{"start":{"line":68,"column":4},"end":{"line":70,"column":4}}},"6":{"name":"getMultiSig","line":72,"loc":{"start":{"line":72,"column":4},"end":{"line":87,"column":4}}}},"statementMap":{"1":{"start":{"line":27,"column":8},"end":{"line":27,"column":605}},"2":{"start":{"line":39,"column":8},"end":{"line":39,"column":67}},"3":{"start":{"line":47,"column":8},"end":{"line":47,"column":40}},"4":{"start":{"line":49,"column":8},"end":{"line":49,"column":1162}},"5":{"start":{"line":55,"column":8},"end":{"line":55,"column":31}},"6":{"start":{"line":56,"column":8},"end":{"line":56,"column":47}},"7":{"start":{"line":58,"column":8},"end":{"line":58,"column":1434}},"8":{"start":{"line":65,"column":8},"end":{"line":65,"column":68}},"9":{"start":{"line":69,"column":8},"end":{"line":69,"column":31}},"10":{"start":{"line":81,"column":8},"end":{"line":81,"column":51}},"11":{"start":{"line":82,"column":8},"end":{"line":82,"column":2033}}},"branchMap":{"1":{"line":27,"type":"if","locations":[{"start":{"line":27,"column":8},"end":{"line":27,"column":8}},{"start":{"line":27,"column":8},"end":{"line":27,"column":8}}]}}},"contracts/MultiSigWallet.sol":{"l":{"35":5,"36":5,"40":3,"41":3,"45":9,"46":9,"55":6,"56":6,"57":6,"58":6,"60":6,"61":6,"63":6,"64":6,"66":6,"69":6,"77":1,"78":1,"80":1,"81":1,"82":1,"84":1,"85":1,"97":1,"99":1,"100":1,"102":1,"103":1,"111":1,"112":1,"113":1,"114":1,"115":1,"116":0,"117":0,"119":1,"120":1,"121":0,"123":1,"133":1,"142":5,"144":5,"146":5,"147":5,"148":5,"149":6,"150":6,"154":6,"156":6,"157":6,"161":5,"166":5,"167":5,"169":5,"178":5,"187":10,"205":10,"209":18},"path":"/Users/shafayeatkabir/dev/multisig-sumit/packages/hardhat/contracts/MultiSigWallet.sol","s":{"1":5,"2":3,"3":9,"4":6,"5":6,"6":6,"7":6,"8":6,"9":6,"10":6,"11":6,"12":6,"13":6,"14":1,"15":1,"16":1,"17":1,"18":1,"19":1,"20":1,"21":1,"22":1,"23":1,"24":1,"25":1,"26":1,"27":1,"28":1,"29":1,"30":1,"31":0,"32":0,"33":1,"34":1,"35":0,"36":1,"37":1,"38":5,"39":5,"40":5,"41":5,"42":6,"43":6,"44":6,"45":6,"46":5,"47":5,"48":5,"49":5,"50":5,"51":10,"52":10},"b":{"1":[5,0],"2":[3,0],"3":[9,0],"4":[6,0],"5":[6,0],"6":[1,0],"7":[1,0],"8":[1,0],"9":[0,1],"10":[6,0],"11":[6,0],"12":[5,0],"13":[5,0]},"f":{"1":5,"2":3,"3":9,"4":6,"5":1,"6":1,"7":1,"8":1,"9":5,"10":10,"11":10},"fnMap":{"1":{"name":"onlyOwner","line":34,"loc":{"start":{"line":34,"column":4},"end":{"line":37,"column":4}}},"2":{"name":"onlySelf","line":39,"loc":{"start":{"line":39,"column":4},"end":{"line":42,"column":4}}},"3":{"name":"requireNonZeroSignatures","line":44,"loc":{"start":{"line":44,"column":4},"end":{"line":47,"column":4}}},"4":{"name":"constructor","line":54,"loc":{"start":{"line":49,"column":4},"end":{"line":70,"column":4}}},"5":{"name":"addSigner","line":75,"loc":{"start":{"line":72,"column":4},"end":{"line":90,"column":4}}},"6":{"name":"removeSigner","line":95,"loc":{"start":{"line":92,"column":4},"end":{"line":108,"column":4}}},"7":{"name":"_removeOwner","line":110,"loc":{"start":{"line":110,"column":4},"end":{"line":126,"column":4}}},"8":{"name":"updateSignaturesRequired","line":131,"loc":{"start":{"line":128,"column":4},"end":{"line":134,"column":4}}},"9":{"name":"executeTransaction","line":141,"loc":{"start":{"line":136,"column":4},"end":{"line":179,"column":4}}},"10":{"name":"getTransactionHash","line":181,"loc":{"start":{"line":181,"column":4},"end":{"line":198,"column":4}}},"11":{"name":"recover","line":200,"loc":{"start":{"line":200,"column":4},"end":{"line":206,"column":4}}}},"statementMap":{"1":{"start":{"line":35,"column":8},"end":{"line":35,"column":48}},"2":{"start":{"line":40,"column":8},"end":{"line":40,"column":55}},"3":{"start":{"line":45,"column":8},"end":{"line":45,"column":73}},"4":{"start":{"line":55,"column":8},"end":{"line":55,"column":50}},"5":{"start":{"line":56,"column":8},"end":{"line":56,"column":47}},"6":{"start":{"line":57,"column":8},"end":{"line":57,"column":1620}},"7":{"start":{"line":58,"column":12},"end":{"line":58,"column":38}},"8":{"start":{"line":60,"column":12},"end":{"line":60,"column":68}},"9":{"start":{"line":61,"column":12},"end":{"line":61,"column":68}},"10":{"start":{"line":63,"column":12},"end":{"line":63,"column":32}},"11":{"start":{"line":64,"column":12},"end":{"line":64,"column":29}},"12":{"start":{"line":66,"column":12},"end":{"line":66,"column":45}},"13":{"start":{"line":69,"column":8},"end":{"line":69,"column":25}},"14":{"start":{"line":77,"column":8},"end":{"line":77,"column":66}},"15":{"start":{"line":78,"column":8},"end":{"line":78,"column":66}},"16":{"start":{"line":80,"column":8},"end":{"line":80,"column":32}},"17":{"start":{"line":81,"column":8},"end":{"line":81,"column":29}},"18":{"start":{"line":82,"column":8},"end":{"line":82,"column":49}},"19":{"start":{"line":84,"column":8},"end":{"line":84,"column":49}},"20":{"start":{"line":85,"column":8},"end":{"line":85,"column":2497}},"21":{"start":{"line":97,"column":8},"end":{"line":97,"column":61}},"22":{"start":{"line":99,"column":8},"end":{"line":99,"column":30}},"23":{"start":{"line":100,"column":8},"end":{"line":100,"column":49}},"24":{"start":{"line":102,"column":8},"end":{"line":102,"column":49}},"25":{"start":{"line":103,"column":8},"end":{"line":103,"column":3004}},"26":{"start":{"line":111,"column":8},"end":{"line":111,"column":34}},"27":{"start":{"line":112,"column":8},"end":{"line":112,"column":44}},"28":{"start":{"line":113,"column":8},"end":{"line":113,"column":68}},"29":{"start":{"line":114,"column":8},"end":{"line":114,"column":3348}},"30":{"start":{"line":115,"column":12},"end":{"line":115,"column":3414}},"31":{"start":{"line":116,"column":16},"end":{"line":116,"column":42}},"32":{"start":{"line":117,"column":16},"end":{"line":117,"column":27}},"33":{"start":{"line":119,"column":16},"end":{"line":119,"column":27}},"34":{"start":{"line":120,"column":16},"end":{"line":120,"column":3591}},"35":{"start":{"line":121,"column":20},"end":{"line":121,"column":47}},"36":{"start":{"line":123,"column":16},"end":{"line":123,"column":22}},"37":{"start":{"line":133,"column":8},"end":{"line":133,"column":49}},"38":{"start":{"line":142,"column":8},"end":{"line":142,"column":66}},"39":{"start":{"line":146,"column":8},"end":{"line":146,"column":31}},"40":{"start":{"line":147,"column":8},"end":{"line":147,"column":30}},"41":{"start":{"line":148,"column":8},"end":{"line":148,"column":4330}},"42":{"start":{"line":149,"column":12},"end":{"line":149,"column":61}},"43":{"start":{"line":150,"column":12},"end":{"line":150,"column":4459}},"44":{"start":{"line":154,"column":12},"end":{"line":154,"column":37}},"45":{"start":{"line":156,"column":12},"end":{"line":156,"column":4652}},"46":{"start":{"line":161,"column":8},"end":{"line":161,"column":4742}},"47":{"start":{"line":166,"column":8},"end":{"line":166,"column":73}},"48":{"start":{"line":167,"column":8},"end":{"line":167,"column":56}},"49":{"start":{"line":169,"column":8},"end":{"line":169,"column":5020}},"50":{"start":{"line":178,"column":8},"end":{"line":178,"column":21}},"51":{"start":{"line":187,"column":8},"end":{"line":187,"column":5400}},"52":{"start":{"line":205,"column":8},"end":{"line":205,"column":65}}},"branchMap":{"1":{"line":35,"type":"if","locations":[{"start":{"line":35,"column":8},"end":{"line":35,"column":8}},{"start":{"line":35,"column":8},"end":{"line":35,"column":8}}]},"2":{"line":40,"type":"if","locations":[{"start":{"line":40,"column":8},"end":{"line":40,"column":8}},{"start":{"line":40,"column":8},"end":{"line":40,"column":8}}]},"3":{"line":45,"type":"if","locations":[{"start":{"line":45,"column":8},"end":{"line":45,"column":8}},{"start":{"line":45,"column":8},"end":{"line":45,"column":8}}]},"4":{"line":60,"type":"if","locations":[{"start":{"line":60,"column":12},"end":{"line":60,"column":12}},{"start":{"line":60,"column":12},"end":{"line":60,"column":12}}]},"5":{"line":61,"type":"if","locations":[{"start":{"line":61,"column":12},"end":{"line":61,"column":12}},{"start":{"line":61,"column":12},"end":{"line":61,"column":12}}]},"6":{"line":77,"type":"if","locations":[{"start":{"line":77,"column":8},"end":{"line":77,"column":8}},{"start":{"line":77,"column":8},"end":{"line":77,"column":8}}]},"7":{"line":78,"type":"if","locations":[{"start":{"line":78,"column":8},"end":{"line":78,"column":8}},{"start":{"line":78,"column":8},"end":{"line":78,"column":8}}]},"8":{"line":97,"type":"if","locations":[{"start":{"line":97,"column":8},"end":{"line":97,"column":8}},{"start":{"line":97,"column":8},"end":{"line":97,"column":8}}]},"9":{"line":115,"type":"if","locations":[{"start":{"line":115,"column":12},"end":{"line":115,"column":12}},{"start":{"line":115,"column":12},"end":{"line":115,"column":12}}]},"10":{"line":150,"type":"if","locations":[{"start":{"line":150,"column":12},"end":{"line":150,"column":12}},{"start":{"line":150,"column":12},"end":{"line":150,"column":12}}]},"11":{"line":156,"type":"if","locations":[{"start":{"line":156,"column":12},"end":{"line":156,"column":12}},{"start":{"line":156,"column":12},"end":{"line":156,"column":12}}]},"12":{"line":161,"type":"if","locations":[{"start":{"line":161,"column":8},"end":{"line":161,"column":8}},{"start":{"line":161,"column":8},"end":{"line":161,"column":8}}]},"13":{"line":167,"type":"if","locations":[{"start":{"line":167,"column":8},"end":{"line":167,"column":8}},{"start":{"line":167,"column":8},"end":{"line":167,"column":8}}]}}},"contracts/TestERC20Token.sol":{"l":{"13":18},"path":"/Users/shafayeatkabir/dev/multisig-sumit/packages/hardhat/contracts/TestERC20Token.sol","s":{"1":18},"b":{},"f":{"1":18},"fnMap":{"1":{"name":"constructor","line":11,"loc":{"start":{"line":9,"column":4},"end":{"line":14,"column":4}}}},"statementMap":{"1":{"start":{"line":13,"column":8},"end":{"line":13,"column":36}}},"branchMap":{}}}